[debug] [2022-07-13T12:28:43.523Z] ----------------------------------------------------------------------
[debug] [2022-07-13T12:28:43.526Z] Command:       D:\Program Files\nodejs\node.exe C:\Users\Пользователь\AppData\Roaming\npm\node_modules\firebase-tools\lib\bin\firebase.js init
[debug] [2022-07-13T12:28:43.527Z] CLI Version:   11.2.2
[debug] [2022-07-13T12:28:43.527Z] Platform:      win32
[debug] [2022-07-13T12:28:43.528Z] Node Version:  v16.15.1
[debug] [2022-07-13T12:28:43.529Z] Time:          Wed Jul 13 2022 15:28:43 GMT+0300 (Москва, стандартное время)
[debug] [2022-07-13T12:28:43.530Z] ----------------------------------------------------------------------
[debug] 
[debug] [2022-07-13T12:28:43.650Z] > command requires scopes: ["email","openid","https://www.googleapis.com/auth/cloudplatformprojects.readonly","https://www.googleapis.com/auth/firebase","https://www.googleapis.com/auth/cloud-platform"]
[debug] [2022-07-13T12:28:43.650Z] > authorizing via signed-in user (evgen7661@gmail.com)
[info] 
     ######## #### ########  ######## ########     ###     ######  ########
     ##        ##  ##     ## ##       ##     ##  ##   ##  ##       ##
     ######    ##  ########  ######   ########  #########  ######  ######
     ##        ##  ##    ##  ##       ##     ## ##     ##       ## ##
     ##       #### ##     ## ######## ########  ##     ##  ######  ########

You're about to initialize a Firebase project in this directory:

  D:\программирование\star-one-test-web

Before we get started, keep in mind:

  * You are initializing within an existing Firebase project directory

